<?xml version="1.0" encoding="UTF-8"?>
<testsuite xmlns:xsi="http://www.w3.org/2001/XMLSchema-instance" xsi:noNamespaceSchemaLocation="https://maven.apache.org/surefire/maven-surefire-plugin/xsd/surefire-test-report-3.0.xsd" version="3.0" name="runner.RunCucumberTest" time="117.646" tests="10" errors="0" skipped="0" failures="0">
  <properties>
    <property name="sun.desktop" value="windows"/>
    <property name="awt.toolkit" value="sun.awt.windows.WToolkit"/>
    <property name="java.specification.version" value="11"/>
    <property name="sun.cpu.isalist" value="amd64"/>
    <property name="sun.jnu.encoding" value="Cp1252"/>
    <property name="java.class.path" value="C:\Users\M1088236\selinumProject\ComprehensiveBDD\target\test-classes;C:\Users\M1088236\selinumProject\ComprehensiveBDD\target\classes;C:\Users\M1088236\.m2\repository\tech\grasshopper\extentreports-cucumber7-adapter\1.7.0\extentreports-cucumber7-adapter-1.7.0.jar;C:\Users\M1088236\.m2\repository\com\aventstack\extentreports\5.0.9\extentreports-5.0.9.jar;C:\Users\M1088236\.m2\repository\io\reactivex\rxjava3\rxjava\3.0.4\rxjava-3.0.4.jar;C:\Users\M1088236\.m2\repository\org\reactivestreams\reactive-streams\1.0.3\reactive-streams-1.0.3.jar;C:\Users\M1088236\.m2\repository\org\freemarker\freemarker\2.3.30\freemarker-2.3.30.jar;C:\Users\M1088236\.m2\repository\org\projectlombok\lombok\1.18.12\lombok-1.18.12.jar;C:\Users\M1088236\.m2\repository\com\google\code\gson\gson\2.8.6\gson-2.8.6.jar;C:\Users\M1088236\.m2\repository\tech\grasshopper\extent-pdf-report\2.7.0\extent-pdf-report-2.7.0.jar;C:\Users\M1088236\.m2\repository\tech\grasshopper\cucumber-pdf-report\2.10.0\cucumber-pdf-report-2.10.0.jar;C:\Users\M1088236\.m2\repository\org\apache\pdfbox\pdfbox\2.0.26\pdfbox-2.0.26.jar;C:\Users\M1088236\.m2\repository\org\apache\pdfbox\fontbox\2.0.26\fontbox-2.0.26.jar;C:\Users\M1088236\.m2\repository\org\knowm\xchart\xchart\3.8.0\xchart-3.8.0.jar;C:\Users\M1088236\.m2\repository\de\erichseifert\vectorgraphics2d\VectorGraphics2D\0.13\VectorGraphics2D-0.13.jar;C:\Users\M1088236\.m2\repository\de\rototor\pdfbox\graphics2d\0.30\graphics2d-0.30.jar;C:\Users\M1088236\.m2\repository\com\madgag\animated-gif-lib\1.4\animated-gif-lib-1.4.jar;C:\Users\M1088236\.m2\repository\org\yaml\snakeyaml\1.28\snakeyaml-1.28.jar;C:\Users\M1088236\.m2\repository\tech\grasshopper\table-layout\1.5.1\table-layout-1.5.1.jar;C:\Users\M1088236\.m2\repository\tech\grasshopper\rest-assured-cucumber-pdf-report\1.4.1\rest-assured-cucumber-pdf-report-1.4.1.jar;C:\Users\M1088236\.m2\repository\org\jsoup\jsoup\1.14.3\jsoup-1.14.3.jar;C:\Users\M1088236\.m2\repository\com\aventstack\klov-reporter\5.0.9\klov-reporter-5.0.9.jar;C:\Users\M1088236\.m2\repository\org\mongodb\mongodb-driver\3.6.4\mongodb-driver-3.6.4.jar;C:\Users\M1088236\.m2\repository\org\mongodb\mongodb-driver-core\3.6.4\mongodb-driver-core-3.6.4.jar;C:\Users\M1088236\.m2\repository\org\mongodb\bson\3.6.4\bson-3.6.4.jar;C:\Users\M1088236\.m2\repository\org\apache\httpcomponents\httpclient\4.5.13\httpclient-4.5.13.jar;C:\Users\M1088236\.m2\repository\org\apache\httpcomponents\httpcore\4.4.13\httpcore-4.4.13.jar;C:\Users\M1088236\.m2\repository\commons-logging\commons-logging\1.2\commons-logging-1.2.jar;C:\Users\M1088236\.m2\repository\org\apache\httpcomponents\httpmime\4.5.13\httpmime-4.5.13.jar;C:\Users\M1088236\.m2\repository\tech\grasshopper\htmlextentreporter\1.0.1\htmlextentreporter-1.0.1.jar;C:\Users\M1088236\.m2\repository\org\seleniumhq\selenium\selenium-java\3.141.59\selenium-java-3.141.59.jar;C:\Users\M1088236\.m2\repository\org\seleniumhq\selenium\selenium-api\3.141.59\selenium-api-3.141.59.jar;C:\Users\M1088236\.m2\repository\org\seleniumhq\selenium\selenium-chrome-driver\3.141.59\selenium-chrome-driver-3.141.59.jar;C:\Users\M1088236\.m2\repository\org\seleniumhq\selenium\selenium-edge-driver\3.141.59\selenium-edge-driver-3.141.59.jar;C:\Users\M1088236\.m2\repository\org\seleniumhq\selenium\selenium-firefox-driver\3.141.59\selenium-firefox-driver-3.141.59.jar;C:\Users\M1088236\.m2\repository\org\seleniumhq\selenium\selenium-ie-driver\3.141.59\selenium-ie-driver-3.141.59.jar;C:\Users\M1088236\.m2\repository\org\seleniumhq\selenium\selenium-opera-driver\3.141.59\selenium-opera-driver-3.141.59.jar;C:\Users\M1088236\.m2\repository\org\seleniumhq\selenium\selenium-remote-driver\3.141.59\selenium-remote-driver-3.141.59.jar;C:\Users\M1088236\.m2\repository\org\seleniumhq\selenium\selenium-safari-driver\3.141.59\selenium-safari-driver-3.141.59.jar;C:\Users\M1088236\.m2\repository\org\seleniumhq\selenium\selenium-support\3.141.59\selenium-support-3.141.59.jar;C:\Users\M1088236\.m2\repository\net\bytebuddy\byte-buddy\1.8.15\byte-buddy-1.8.15.jar;C:\Users\M1088236\.m2\repository\org\apache\commons\commons-exec\1.3\commons-exec-1.3.jar;C:\Users\M1088236\.m2\repository\com\google\guava\guava\25.0-jre\guava-25.0-jre.jar;C:\Users\M1088236\.m2\repository\com\google\code\findbugs\jsr305\1.3.9\jsr305-1.3.9.jar;C:\Users\M1088236\.m2\repository\org\checkerframework\checker-compat-qual\2.0.0\checker-compat-qual-2.0.0.jar;C:\Users\M1088236\.m2\repository\com\google\errorprone\error_prone_annotations\2.1.3\error_prone_annotations-2.1.3.jar;C:\Users\M1088236\.m2\repository\com\google\j2objc\j2objc-annotations\1.1\j2objc-annotations-1.1.jar;C:\Users\M1088236\.m2\repository\org\codehaus\mojo\animal-sniffer-annotations\1.14\animal-sniffer-annotations-1.14.jar;C:\Users\M1088236\.m2\repository\com\squareup\okhttp3\okhttp\3.11.0\okhttp-3.11.0.jar;C:\Users\M1088236\.m2\repository\com\squareup\okio\okio\1.14.0\okio-1.14.0.jar;C:\Users\M1088236\.m2\repository\io\cucumber\cucumber-java\7.2.2\cucumber-java-7.2.2.jar;C:\Users\M1088236\.m2\repository\io\cucumber\cucumber-core\7.2.2\cucumber-core-7.2.2.jar;C:\Users\M1088236\.m2\repository\io\cucumber\cucumber-gherkin\7.2.2\cucumber-gherkin-7.2.2.jar;C:\Users\M1088236\.m2\repository\io\cucumber\cucumber-gherkin-messages\7.2.2\cucumber-gherkin-messages-7.2.2.jar;C:\Users\M1088236\.m2\repository\io\cucumber\messages\17.1.1\messages-17.1.1.jar;C:\Users\M1088236\.m2\repository\io\cucumber\tag-expressions\4.1.0\tag-expressions-4.1.0.jar;C:\Users\M1088236\.m2\repository\io\cucumber\cucumber-expressions\15.0.1\cucumber-expressions-15.0.1.jar;C:\Users\M1088236\.m2\repository\io\cucumber\datatable\7.2.2\datatable-7.2.2.jar;C:\Users\M1088236\.m2\repository\io\cucumber\cucumber-plugin\7.2.2\cucumber-plugin-7.2.2.jar;C:\Users\M1088236\.m2\repository\io\cucumber\docstring\7.2.2\docstring-7.2.2.jar;C:\Users\M1088236\.m2\repository\io\cucumber\html-formatter\17.0.0\html-formatter-17.0.0.jar;C:\Users\M1088236\.m2\repository\io\cucumber\ci-environment\8.1.0\ci-environment-8.1.0.jar;C:\Users\M1088236\.m2\repository\org\apiguardian\apiguardian-api\1.1.2\apiguardian-api-1.1.2.jar;C:\Users\M1088236\.m2\repository\io\cucumber\cucumber-junit\7.2.2\cucumber-junit-7.2.2.jar;C:\Users\M1088236\.m2\repository\junit\junit\4.11\junit-4.11.jar;C:\Users\M1088236\.m2\repository\org\hamcrest\hamcrest-core\1.3\hamcrest-core-1.3.jar;C:\Users\M1088236\.m2\repository\commons-io\commons-io\2.11.0\commons-io-2.11.0.jar;C:\Users\M1088236\.m2\repository\org\apache\poi\poi\3.17\poi-3.17.jar;C:\Users\M1088236\.m2\repository\commons-codec\commons-codec\1.10\commons-codec-1.10.jar;C:\Users\M1088236\.m2\repository\org\apache\commons\commons-collections4\4.1\commons-collections4-4.1.jar;C:\Users\M1088236\.m2\repository\org\apache\poi\poi-ooxml\3.17\poi-ooxml-3.17.jar;C:\Users\M1088236\.m2\repository\org\apache\poi\poi-ooxml-schemas\3.17\poi-ooxml-schemas-3.17.jar;C:\Users\M1088236\.m2\repository\org\apache\xmlbeans\xmlbeans\2.6.0\xmlbeans-2.6.0.jar;C:\Users\M1088236\.m2\repository\stax\stax-api\1.0.1\stax-api-1.0.1.jar;C:\Users\M1088236\.m2\repository\com\github\virtuald\curvesapi\1.04\curvesapi-1.04.jar;C:\Users\M1088236\.m2\repository\org\apache\logging\log4j\log4j-api\2.17.2\log4j-api-2.17.2.jar;C:\Users\M1088236\.m2\repository\org\apache\logging\log4j\log4j-core\2.17.2\log4j-core-2.17.2.jar;"/>
    <property name="java.vm.vendor" value="AdoptOpenJDK"/>
    <property name="sun.arch.data.model" value="64"/>
    <property name="user.variant" value=""/>
    <property name="java.vendor.url" value="https://adoptopenjdk.net/"/>
    <property name="user.timezone" value="Asia/Calcutta"/>
    <property name="java.vm.specification.version" value="11"/>
    <property name="os.name" value="Windows 10"/>
    <property name="sun.java.launcher" value="SUN_STANDARD"/>
    <property name="user.country" value="US"/>
    <property name="sun.boot.library.path" value="C:\Program Files\AdoptOpenJDK\jdk-11.0.11.9-hotspot\bin"/>
    <property name="sun.java.command" value="C:\Users\M1088236\AppData\Local\Temp\surefire9446610978821979727\surefirebooter-20220730140055076_3.jar C:\Users\M1088236\AppData\Local\Temp\surefire9446610978821979727 2022-07-30T14-00-54_397-jvmRun1 surefire-20220730140055076_1tmp surefire_0-20220730140055076_2tmp"/>
    <property name="jdk.debug" value="release"/>
    <property name="surefire.test.class.path" value="C:\Users\M1088236\selinumProject\ComprehensiveBDD\target\test-classes;C:\Users\M1088236\selinumProject\ComprehensiveBDD\target\classes;C:\Users\M1088236\.m2\repository\tech\grasshopper\extentreports-cucumber7-adapter\1.7.0\extentreports-cucumber7-adapter-1.7.0.jar;C:\Users\M1088236\.m2\repository\com\aventstack\extentreports\5.0.9\extentreports-5.0.9.jar;C:\Users\M1088236\.m2\repository\io\reactivex\rxjava3\rxjava\3.0.4\rxjava-3.0.4.jar;C:\Users\M1088236\.m2\repository\org\reactivestreams\reactive-streams\1.0.3\reactive-streams-1.0.3.jar;C:\Users\M1088236\.m2\repository\org\freemarker\freemarker\2.3.30\freemarker-2.3.30.jar;C:\Users\M1088236\.m2\repository\org\projectlombok\lombok\1.18.12\lombok-1.18.12.jar;C:\Users\M1088236\.m2\repository\com\google\code\gson\gson\2.8.6\gson-2.8.6.jar;C:\Users\M1088236\.m2\repository\tech\grasshopper\extent-pdf-report\2.7.0\extent-pdf-report-2.7.0.jar;C:\Users\M1088236\.m2\repository\tech\grasshopper\cucumber-pdf-report\2.10.0\cucumber-pdf-report-2.10.0.jar;C:\Users\M1088236\.m2\repository\org\apache\pdfbox\pdfbox\2.0.26\pdfbox-2.0.26.jar;C:\Users\M1088236\.m2\repository\org\apache\pdfbox\fontbox\2.0.26\fontbox-2.0.26.jar;C:\Users\M1088236\.m2\repository\org\knowm\xchart\xchart\3.8.0\xchart-3.8.0.jar;C:\Users\M1088236\.m2\repository\de\erichseifert\vectorgraphics2d\VectorGraphics2D\0.13\VectorGraphics2D-0.13.jar;C:\Users\M1088236\.m2\repository\de\rototor\pdfbox\graphics2d\0.30\graphics2d-0.30.jar;C:\Users\M1088236\.m2\repository\com\madgag\animated-gif-lib\1.4\animated-gif-lib-1.4.jar;C:\Users\M1088236\.m2\repository\org\yaml\snakeyaml\1.28\snakeyaml-1.28.jar;C:\Users\M1088236\.m2\repository\tech\grasshopper\table-layout\1.5.1\table-layout-1.5.1.jar;C:\Users\M1088236\.m2\repository\tech\grasshopper\rest-assured-cucumber-pdf-report\1.4.1\rest-assured-cucumber-pdf-report-1.4.1.jar;C:\Users\M1088236\.m2\repository\org\jsoup\jsoup\1.14.3\jsoup-1.14.3.jar;C:\Users\M1088236\.m2\repository\com\aventstack\klov-reporter\5.0.9\klov-reporter-5.0.9.jar;C:\Users\M1088236\.m2\repository\org\mongodb\mongodb-driver\3.6.4\mongodb-driver-3.6.4.jar;C:\Users\M1088236\.m2\repository\org\mongodb\mongodb-driver-core\3.6.4\mongodb-driver-core-3.6.4.jar;C:\Users\M1088236\.m2\repository\org\mongodb\bson\3.6.4\bson-3.6.4.jar;C:\Users\M1088236\.m2\repository\org\apache\httpcomponents\httpclient\4.5.13\httpclient-4.5.13.jar;C:\Users\M1088236\.m2\repository\org\apache\httpcomponents\httpcore\4.4.13\httpcore-4.4.13.jar;C:\Users\M1088236\.m2\repository\commons-logging\commons-logging\1.2\commons-logging-1.2.jar;C:\Users\M1088236\.m2\repository\org\apache\httpcomponents\httpmime\4.5.13\httpmime-4.5.13.jar;C:\Users\M1088236\.m2\repository\tech\grasshopper\htmlextentreporter\1.0.1\htmlextentreporter-1.0.1.jar;C:\Users\M1088236\.m2\repository\org\seleniumhq\selenium\selenium-java\3.141.59\selenium-java-3.141.59.jar;C:\Users\M1088236\.m2\repository\org\seleniumhq\selenium\selenium-api\3.141.59\selenium-api-3.141.59.jar;C:\Users\M1088236\.m2\repository\org\seleniumhq\selenium\selenium-chrome-driver\3.141.59\selenium-chrome-driver-3.141.59.jar;C:\Users\M1088236\.m2\repository\org\seleniumhq\selenium\selenium-edge-driver\3.141.59\selenium-edge-driver-3.141.59.jar;C:\Users\M1088236\.m2\repository\org\seleniumhq\selenium\selenium-firefox-driver\3.141.59\selenium-firefox-driver-3.141.59.jar;C:\Users\M1088236\.m2\repository\org\seleniumhq\selenium\selenium-ie-driver\3.141.59\selenium-ie-driver-3.141.59.jar;C:\Users\M1088236\.m2\repository\org\seleniumhq\selenium\selenium-opera-driver\3.141.59\selenium-opera-driver-3.141.59.jar;C:\Users\M1088236\.m2\repository\org\seleniumhq\selenium\selenium-remote-driver\3.141.59\selenium-remote-driver-3.141.59.jar;C:\Users\M1088236\.m2\repository\org\seleniumhq\selenium\selenium-safari-driver\3.141.59\selenium-safari-driver-3.141.59.jar;C:\Users\M1088236\.m2\repository\org\seleniumhq\selenium\selenium-support\3.141.59\selenium-support-3.141.59.jar;C:\Users\M1088236\.m2\repository\net\bytebuddy\byte-buddy\1.8.15\byte-buddy-1.8.15.jar;C:\Users\M1088236\.m2\repository\org\apache\commons\commons-exec\1.3\commons-exec-1.3.jar;C:\Users\M1088236\.m2\repository\com\google\guava\guava\25.0-jre\guava-25.0-jre.jar;C:\Users\M1088236\.m2\repository\com\google\code\findbugs\jsr305\1.3.9\jsr305-1.3.9.jar;C:\Users\M1088236\.m2\repository\org\checkerframework\checker-compat-qual\2.0.0\checker-compat-qual-2.0.0.jar;C:\Users\M1088236\.m2\repository\com\google\errorprone\error_prone_annotations\2.1.3\error_prone_annotations-2.1.3.jar;C:\Users\M1088236\.m2\repository\com\google\j2objc\j2objc-annotations\1.1\j2objc-annotations-1.1.jar;C:\Users\M1088236\.m2\repository\org\codehaus\mojo\animal-sniffer-annotations\1.14\animal-sniffer-annotations-1.14.jar;C:\Users\M1088236\.m2\repository\com\squareup\okhttp3\okhttp\3.11.0\okhttp-3.11.0.jar;C:\Users\M1088236\.m2\repository\com\squareup\okio\okio\1.14.0\okio-1.14.0.jar;C:\Users\M1088236\.m2\repository\io\cucumber\cucumber-java\7.2.2\cucumber-java-7.2.2.jar;C:\Users\M1088236\.m2\repository\io\cucumber\cucumber-core\7.2.2\cucumber-core-7.2.2.jar;C:\Users\M1088236\.m2\repository\io\cucumber\cucumber-gherkin\7.2.2\cucumber-gherkin-7.2.2.jar;C:\Users\M1088236\.m2\repository\io\cucumber\cucumber-gherkin-messages\7.2.2\cucumber-gherkin-messages-7.2.2.jar;C:\Users\M1088236\.m2\repository\io\cucumber\messages\17.1.1\messages-17.1.1.jar;C:\Users\M1088236\.m2\repository\io\cucumber\tag-expressions\4.1.0\tag-expressions-4.1.0.jar;C:\Users\M1088236\.m2\repository\io\cucumber\cucumber-expressions\15.0.1\cucumber-expressions-15.0.1.jar;C:\Users\M1088236\.m2\repository\io\cucumber\datatable\7.2.2\datatable-7.2.2.jar;C:\Users\M1088236\.m2\repository\io\cucumber\cucumber-plugin\7.2.2\cucumber-plugin-7.2.2.jar;C:\Users\M1088236\.m2\repository\io\cucumber\docstring\7.2.2\docstring-7.2.2.jar;C:\Users\M1088236\.m2\repository\io\cucumber\html-formatter\17.0.0\html-formatter-17.0.0.jar;C:\Users\M1088236\.m2\repository\io\cucumber\ci-environment\8.1.0\ci-environment-8.1.0.jar;C:\Users\M1088236\.m2\repository\org\apiguardian\apiguardian-api\1.1.2\apiguardian-api-1.1.2.jar;C:\Users\M1088236\.m2\repository\io\cucumber\cucumber-junit\7.2.2\cucumber-junit-7.2.2.jar;C:\Users\M1088236\.m2\repository\junit\junit\4.11\junit-4.11.jar;C:\Users\M1088236\.m2\repository\org\hamcrest\hamcrest-core\1.3\hamcrest-core-1.3.jar;C:\Users\M1088236\.m2\repository\commons-io\commons-io\2.11.0\commons-io-2.11.0.jar;C:\Users\M1088236\.m2\repository\org\apache\poi\poi\3.17\poi-3.17.jar;C:\Users\M1088236\.m2\repository\commons-codec\commons-codec\1.10\commons-codec-1.10.jar;C:\Users\M1088236\.m2\repository\org\apache\commons\commons-collections4\4.1\commons-collections4-4.1.jar;C:\Users\M1088236\.m2\repository\org\apache\poi\poi-ooxml\3.17\poi-ooxml-3.17.jar;C:\Users\M1088236\.m2\repository\org\apache\poi\poi-ooxml-schemas\3.17\poi-ooxml-schemas-3.17.jar;C:\Users\M1088236\.m2\repository\org\apache\xmlbeans\xmlbeans\2.6.0\xmlbeans-2.6.0.jar;C:\Users\M1088236\.m2\repository\stax\stax-api\1.0.1\stax-api-1.0.1.jar;C:\Users\M1088236\.m2\repository\com\github\virtuald\curvesapi\1.04\curvesapi-1.04.jar;C:\Users\M1088236\.m2\repository\org\apache\logging\log4j\log4j-api\2.17.2\log4j-api-2.17.2.jar;C:\Users\M1088236\.m2\repository\org\apache\logging\log4j\log4j-core\2.17.2\log4j-core-2.17.2.jar;"/>
    <property name="sun.cpu.endian" value="little"/>
    <property name="user.home" value="C:\Users\M1088236"/>
    <property name="user.language" value="en"/>
    <property name="java.specification.vendor" value="Oracle Corporation"/>
    <property name="java.version.date" value="2021-04-20"/>
    <property name="java.home" value="C:\Program Files\AdoptOpenJDK\jdk-11.0.11.9-hotspot"/>
    <property name="file.separator" value="\"/>
    <property name="basedir" value="C:\Users\M1088236\selinumProject\ComprehensiveBDD"/>
    <property name="java.vm.compressedOopsMode" value="Zero based"/>
    <property name="line.separator" value="&#10;"/>
    <property name="java.specification.name" value="Java Platform API Specification"/>
    <property name="java.vm.specification.vendor" value="Oracle Corporation"/>
    <property name="java.awt.graphicsenv" value="sun.awt.Win32GraphicsEnvironment"/>
    <property name="surefire.real.class.path" value="C:\Users\M1088236\AppData\Local\Temp\surefire9446610978821979727\surefirebooter-20220730140055076_3.jar"/>
    <property name="user.script" value=""/>
    <property name="sun.management.compiler" value="HotSpot 64-Bit Tiered Compilers"/>
    <property name="java.runtime.version" value="11.0.11+9"/>
    <property name="user.name" value="M1088236"/>
    <property name="path.separator" value=";"/>
    <property name="os.version" value="10.0"/>
    <property name="java.runtime.name" value="OpenJDK Runtime Environment"/>
    <property name="file.encoding" value="Cp1252"/>
    <property name="java.vm.name" value="OpenJDK 64-Bit Server VM"/>
    <property name="java.vendor.version" value="AdoptOpenJDK-11.0.11+9"/>
    <property name="localRepository" value="C:\Users\M1088236\.m2\repository"/>
    <property name="java.vendor.url.bug" value="https://github.com/AdoptOpenJDK/openjdk-support/issues"/>
    <property name="java.io.tmpdir" value="C:\Users\M1088236\AppData\Local\Temp\"/>
    <property name="java.version" value="11.0.11"/>
    <property name="user.dir" value="C:\Users\M1088236\selinumProject\ComprehensiveBDD"/>
    <property name="os.arch" value="amd64"/>
    <property name="java.vm.specification.name" value="Java Virtual Machine Specification"/>
    <property name="java.awt.printerjob" value="sun.awt.windows.WPrinterJob"/>
    <property name="sun.os.patch.level" value=""/>
    <property name="java.library.path" value="C:\Program Files\AdoptOpenJDK\jdk-11.0.11.9-hotspot\bin;C:\WINDOWS\Sun\Java\bin;C:\WINDOWS\system32;C:\WINDOWS;C:/Users/M1088236/Downloads/eclipse-java-2022-03-R-win32-x86_64 (1)/eclipse//plugins/org.eclipse.justj.openjdk.hotspot.jre.full.win32.x86_64_17.0.2.v20220201-1208/jre/bin/server;C:/Users/M1088236/Downloads/eclipse-java-2022-03-R-win32-x86_64 (1)/eclipse//plugins/org.eclipse.justj.openjdk.hotspot.jre.full.win32.x86_64_17.0.2.v20220201-1208/jre/bin;C:\Program Files\AdoptOpenJDK\jdk-11.0.11.9-hotspot\bin;C:\WINDOWS\system32;C:\WINDOWS;C:\WINDOWS\System32\Wbem;C:\WINDOWS\System32\WindowsPowerShell\v1.0\;C:\WINDOWS\System32\OpenSSH\;C:\Users\M1088236\jdk-15.0.2\bin;C:\Users\M1088236\apache-maven-3.8.6\bin;C:\Program Files\Intel\WiFi\bin\;C:\Program Files\Common Files\Intel\WirelessCommon\;C:\Program Files\Git\cmd;C:\Program Files\MySQL\MySQL Shell 8.0\bin\;C:\Users\M1088236\AppData\Local\Microsoft\WindowsApps;C:\Users\M1088236\Downloads\eclipse-java-2022-03-R-win32-x86_64 (1)\eclipse;;."/>
    <property name="java.vm.info" value="mixed mode"/>
    <property name="java.vendor" value="AdoptOpenJDK"/>
    <property name="java.vm.version" value="11.0.11+9"/>
    <property name="sun.io.unicode.encoding" value="UnicodeLittle"/>
    <property name="java.class.version" value="55.0"/>
  </properties>
  <testcase name="Loard of Love" classname="Articles info" time="9.859">
    <system-out><![CDATA[[TRACE] 2022-07-30 14:00:57.972 [main] BaseClass - All methods are initialising 
[FATAL] 2022-07-30 14:00:57.975 [main] BaseClass - Initialising all the methods at a time
[WARN ] 2022-07-30 14:01:00.508 [main] BaseClass - Driver invoked 
[FATAL] 2022-07-30 14:01:00.509 [main] BaseClass - initializing the Browser
[FATAL] 2022-07-30 14:01:03.670 [main] BaseClass - Navigating to that url
[ERROR] 2022-07-30 14:01:03.671 [main] BaseClass - Causing null pointer while navigate to the homePage
[FATAL] 2022-07-30 14:01:06.229 [main] BaseClass - Training to close popUp
[TRACE] 2022-07-30 14:01:06.274 [main] BaseClass - calling the method
[FATAL] 2022-07-30 14:01:06.943 [main] BaseClass - Assertion passes
[TRACE] 2022-07-30 14:01:06.943 [main] BaseClass - Excuted sucessfully
[WARN ] 2022-07-30 14:01:07.834 [main] BaseClass - Driver Closed 
[DEBUG] 2022-07-30 14:01:07.834 [main] BaseClass - Closing the browser
]]></system-out>
    <system-err><![CDATA[Starting Microsoft Edge WebDriver 103.0.1264.71 (1f7a1d165042010b399db54bd56390dd47e15013) on port 14500
To submit feedback, report a bug, or suggest new features, please visit https://github.com/MicrosoftEdge/EdgeWebDriver

Only local connections are allowed.
Please see https://aka.ms/WebDriverSecurity for suggestions on keeping Microsoft Edge WebDriver safe.

Microsoft Edge WebDriver was started successfully.
Jul 30, 2022 2:01:00 PM org.openqa.selenium.remote.ProtocolHandshake createSession
INFO: Detected dialect: W3C
]]></system-err>
  </testcase>
  <testcase name="our Ambition" classname="Tide Commitment" time="8.855">
    <system-out><![CDATA[[WARN ] 2022-07-30 14:01:09.455 [main] BaseClass - Driver invoked 
[FATAL] 2022-07-30 14:01:09.456 [main] BaseClass - initializing the Browser
[FATAL] 2022-07-30 14:01:12.410 [main] BaseClass - Navigating to that url
[ERROR] 2022-07-30 14:01:12.411 [main] BaseClass - Causing null pointer while navigate to the homePage
[FATAL] 2022-07-30 14:01:14.801 [main] BaseClass - Training to close popUp
[FATAL] 2022-07-30 14:01:15.760 [main] BaseClass - Assertion passes
We have always created products that improve people’s lives now and for generations to come—in fact sustainability and social good have always been a part of our business strategy.
[TRACE] 2022-07-30 14:01:15.760 [main] BaseClass - Excuted sucessfully
[WARN ] 2022-07-30 14:01:16.695 [main] BaseClass - Driver Closed 
[DEBUG] 2022-07-30 14:01:16.695 [main] BaseClass - Closing the browser
]]></system-out>
    <system-err><![CDATA[Starting Microsoft Edge WebDriver 103.0.1264.71 (1f7a1d165042010b399db54bd56390dd47e15013) on port 12489
To submit feedback, report a bug, or suggest new features, please visit https://github.com/MicrosoftEdge/EdgeWebDriver

Only local connections are allowed.
Please see https://aka.ms/WebDriverSecurity for suggestions on keeping Microsoft Edge WebDriver safe.

Microsoft Edge WebDriver was started successfully.
Jul 30, 2022 2:01:09 PM org.openqa.selenium.remote.ProtocolHandshake createSession
INFO: Detected dialect: W3C
]]></system-err>
  </testcase>
  <testcase name="Rewards" classname="Coupons and Rewards" time="10.563">
    <system-out><![CDATA[[WARN ] 2022-07-30 14:01:18.365 [main] BaseClass - Driver invoked 
[FATAL] 2022-07-30 14:01:18.366 [main] BaseClass - initializing the Browser
[FATAL] 2022-07-30 14:01:20.701 [main] BaseClass - Navigating to that url
[ERROR] 2022-07-30 14:01:20.702 [main] BaseClass - Causing null pointer while navigate to the homePage
[FATAL] 2022-07-30 14:01:23.132 [main] BaseClass - Training to close popUp
[FATAL] 2022-07-30 14:01:26.346 [main] BaseClass - Assertion passes
Signup Now - Get Access to Exclusive Tide Coupons | P&GGoodEveryday
[TRACE] 2022-07-30 14:01:26.346 [main] BaseClass - Excuted sucessfully
[WARN ] 2022-07-30 14:01:27.257 [main] BaseClass - Driver Closed 
[DEBUG] 2022-07-30 14:01:27.258 [main] BaseClass - Closing the browser
]]></system-out>
    <system-err><![CDATA[Starting Microsoft Edge WebDriver 103.0.1264.71 (1f7a1d165042010b399db54bd56390dd47e15013) on port 18210
To submit feedback, report a bug, or suggest new features, please visit https://github.com/MicrosoftEdge/EdgeWebDriver

Only local connections are allowed.
Please see https://aka.ms/WebDriverSecurity for suggestions on keeping Microsoft Edge WebDriver safe.

Microsoft Edge WebDriver was started successfully.
Jul 30, 2022 2:01:18 PM org.openqa.selenium.remote.ProtocolHandshake createSession
INFO: Detected dialect: W3C
]]></system-err>
  </testcase>
  <testcase name="Title of your scenario" classname="Mechine care" time="11.255">
    <system-out><![CDATA[[WARN ] 2022-07-30 14:01:29.037 [main] BaseClass - Driver invoked 
[FATAL] 2022-07-30 14:01:29.037 [main] BaseClass - initializing the Browser
[FATAL] 2022-07-30 14:01:33.933 [main] BaseClass - Navigating to that url
[ERROR] 2022-07-30 14:01:33.933 [main] BaseClass - Causing null pointer while navigate to the homePage
[FATAL] 2022-07-30 14:01:36.025 [main] BaseClass - Training to close popUp
Washing Machine Cleaner
[FATAL] 2022-07-30 14:01:37.559 [main] BaseClass - Assertion passes
[TRACE] 2022-07-30 14:01:37.559 [main] BaseClass - Excuted sucessfully
[WARN ] 2022-07-30 14:01:38.513 [main] BaseClass - Driver Closed 
[DEBUG] 2022-07-30 14:01:38.513 [main] BaseClass - Closing the browser
]]></system-out>
    <system-err><![CDATA[Starting Microsoft Edge WebDriver 103.0.1264.71 (1f7a1d165042010b399db54bd56390dd47e15013) on port 7874
To submit feedback, report a bug, or suggest new features, please visit https://github.com/MicrosoftEdge/EdgeWebDriver

Only local connections are allowed.
Please see https://aka.ms/WebDriverSecurity for suggestions on keeping Microsoft Edge WebDriver safe.

Microsoft Edge WebDriver was started successfully.
Jul 30, 2022 2:01:28 PM org.openqa.selenium.remote.ProtocolHandshake createSession
INFO: Detected dialect: W3C
]]></system-err>
  </testcase>
  <testcase name="Check Egg stains" classname="Information Articles" time="11.613">
    <system-out><![CDATA[[WARN ] 2022-07-30 14:01:40.197 [main] BaseClass - Driver invoked 
[FATAL] 2022-07-30 14:01:40.198 [main] BaseClass - initializing the Browser
[FATAL] 2022-07-30 14:01:45.387 [main] BaseClass - Navigating to that url
[ERROR] 2022-07-30 14:01:45.388 [main] BaseClass - Causing null pointer while navigate to the homePage
[FATAL] 2022-07-30 14:01:47.199 [main] BaseClass - Training to close popUp
How to Remove Egg Stains
[FATAL] 2022-07-30 14:01:49.182 [main] BaseClass - Assertion passes
[TRACE] 2022-07-30 14:01:49.182 [main] BaseClass - Excuted sucessfully
[WARN ] 2022-07-30 14:01:50.127 [main] BaseClass - Driver Closed 
[DEBUG] 2022-07-30 14:01:50.127 [main] BaseClass - Closing the browser
]]></system-out>
    <system-err><![CDATA[Starting Microsoft Edge WebDriver 103.0.1264.71 (1f7a1d165042010b399db54bd56390dd47e15013) on port 18875
To submit feedback, report a bug, or suggest new features, please visit https://github.com/MicrosoftEdge/EdgeWebDriver

Only local connections are allowed.
Please see https://aka.ms/WebDriverSecurity for suggestions on keeping Microsoft Edge WebDriver safe.

Microsoft Edge WebDriver was started successfully.
Jul 30, 2022 2:01:40 PM org.openqa.selenium.remote.ProtocolHandshake createSession
INFO: Detected dialect: W3C
]]></system-err>
  </testcase>
  <testcase name="Title of your scenario" classname="Title of your feature" time="17.733">
    <system-out><![CDATA[[WARN ] 2022-07-30 14:01:51.834 [main] BaseClass - Driver invoked 
[FATAL] 2022-07-30 14:01:51.834 [main] BaseClass - initializing the Browser
[FATAL] 2022-07-30 14:01:56.750 [main] BaseClass - Navigating to that url
[ERROR] 2022-07-30 14:01:56.751 [main] BaseClass - Causing null pointer while navigate to the homePage
[FATAL] 2022-07-30 14:01:58.909 [main] BaseClass - Training to close popUp
Simply Plus Bleach Alternative
[WARN ] 2022-07-30 14:02:07.859 [main] BaseClass - Driver Closed 
[DEBUG] 2022-07-30 14:02:07.859 [main] BaseClass - Closing the browser
]]></system-out>
    <system-err><![CDATA[Starting Microsoft Edge WebDriver 103.0.1264.71 (1f7a1d165042010b399db54bd56390dd47e15013) on port 47656
To submit feedback, report a bug, or suggest new features, please visit https://github.com/MicrosoftEdge/EdgeWebDriver

Only local connections are allowed.
Please see https://aka.ms/WebDriverSecurity for suggestions on keeping Microsoft Edge WebDriver safe.

Microsoft Edge WebDriver was started successfully.
Jul 30, 2022 2:01:51 PM org.openqa.selenium.remote.ProtocolHandshake createSession
INFO: Detected dialect: W3C
]]></system-err>
  </testcase>
  <testcase name="Title of your scenario" classname="Live Chat" time="8.445">
    <system-out><![CDATA[[WARN ] 2022-07-30 14:02:09.523 [main] BaseClass - Driver invoked 
[FATAL] 2022-07-30 14:02:09.524 [main] BaseClass - initializing the Browser
[FATAL] 2022-07-30 14:02:12.532 [main] BaseClass - Navigating to that url
[ERROR] 2022-07-30 14:02:12.533 [main] BaseClass - Causing null pointer while navigate to the homePage
[FATAL] 2022-07-30 14:02:15.082 [main] BaseClass - Training to close popUp
Tide's expert clean team is here to help you via our online chat. Available from Monday to Friday between 10 AM and 6 PM, we're happy to answer all your laundry-related questions.
[FATAL] 2022-07-30 14:02:15.455 [main] BaseClass - Assertion passes
[TRACE] 2022-07-30 14:02:15.455 [main] BaseClass - Excuted sucessfully
[WARN ] 2022-07-30 14:02:16.304 [main] BaseClass - Driver Closed 
[DEBUG] 2022-07-30 14:02:16.304 [main] BaseClass - Closing the browser
]]></system-out>
    <system-err><![CDATA[Starting Microsoft Edge WebDriver 103.0.1264.71 (1f7a1d165042010b399db54bd56390dd47e15013) on port 6979
To submit feedback, report a bug, or suggest new features, please visit https://github.com/MicrosoftEdge/EdgeWebDriver

Only local connections are allowed.
Please see https://aka.ms/WebDriverSecurity for suggestions on keeping Microsoft Edge WebDriver safe.

Microsoft Edge WebDriver was started successfully.
Jul 30, 2022 2:02:09 PM org.openqa.selenium.remote.ProtocolHandshake createSession
INFO: Detected dialect: W3C
]]></system-err>
  </testcase>
  <testcase name="Title of your scenario" classname="New Launches" time="8.81">
    <system-out><![CDATA[[WARN ] 2022-07-30 14:02:18.079 [main] BaseClass - Driver invoked 
[FATAL] 2022-07-30 14:02:18.080 [main] BaseClass - initializing the Browser
[FATAL] 2022-07-30 14:02:21.365 [main] BaseClass - Navigating to that url
[ERROR] 2022-07-30 14:02:21.366 [main] BaseClass - Causing null pointer while navigate to the homePage
[FATAL] 2022-07-30 14:02:23.666 [main] BaseClass - Training to close popUp
Tide in Space
[FATAL] 2022-07-30 14:02:24.191 [main] BaseClass - Assertion passes
[TRACE] 2022-07-30 14:02:24.191 [main] BaseClass - Excuted sucessfully
[WARN ] 2022-07-30 14:02:25.113 [main] BaseClass - Driver Closed 
[DEBUG] 2022-07-30 14:02:25.113 [main] BaseClass - Closing the browser
]]></system-out>
    <system-err><![CDATA[Starting Microsoft Edge WebDriver 103.0.1264.71 (1f7a1d165042010b399db54bd56390dd47e15013) on port 5472
To submit feedback, report a bug, or suggest new features, please visit https://github.com/MicrosoftEdge/EdgeWebDriver

Only local connections are allowed.
Please see https://aka.ms/WebDriverSecurity for suggestions on keeping Microsoft Edge WebDriver safe.

Microsoft Edge WebDriver was started successfully.
Jul 30, 2022 2:02:17 PM org.openqa.selenium.remote.ProtocolHandshake createSession
INFO: Detected dialect: W3C
]]></system-err>
  </testcase>
  <testcase name="Title of your scenario" classname="Customised products" time="16.223">
    <system-out><![CDATA[[WARN ] 2022-07-30 14:02:26.928 [main] BaseClass - Driver invoked 
[FATAL] 2022-07-30 14:02:26.928 [main] BaseClass - initializing the Browser
[FATAL] 2022-07-30 14:02:32.193 [main] BaseClass - Navigating to that url
[ERROR] 2022-07-30 14:02:32.193 [main] BaseClass - Causing null pointer while navigate to the homePage
[FATAL] 2022-07-30 14:02:34.426 [main] BaseClass - Training to close popUp
$11.58
[FATAL] 2022-07-30 14:02:40.466 [main] BaseClass - Assertion passes
[TRACE] 2022-07-30 14:02:40.466 [main] BaseClass - Excuted sucessfully
[WARN ] 2022-07-30 14:02:41.337 [main] BaseClass - Driver Closed 
[DEBUG] 2022-07-30 14:02:41.337 [main] BaseClass - Closing the browser
]]></system-out>
    <system-err><![CDATA[Starting Microsoft Edge WebDriver 103.0.1264.71 (1f7a1d165042010b399db54bd56390dd47e15013) on port 23090
To submit feedback, report a bug, or suggest new features, please visit https://github.com/MicrosoftEdge/EdgeWebDriver

Only local connections are allowed.
Please see https://aka.ms/WebDriverSecurity for suggestions on keeping Microsoft Edge WebDriver safe.

Microsoft Edge WebDriver was started successfully.
Jul 30, 2022 2:02:26 PM org.openqa.selenium.remote.ProtocolHandshake createSession
INFO: Detected dialect: W3C
]]></system-err>
  </testcase>
  <testcase name="Title of your scenario" classname="Terms and conditions" time="9.762">
    <system-out><![CDATA[[WARN ] 2022-07-30 14:02:42.881 [main] BaseClass - Driver invoked 
[FATAL] 2022-07-30 14:02:42.882 [main] BaseClass - initializing the Browser
[FATAL] 2022-07-30 14:02:46.293 [main] BaseClass - Navigating to that url
[ERROR] 2022-07-30 14:02:46.293 [main] BaseClass - Causing null pointer while navigate to the homePage
[FATAL] 2022-07-30 14:02:48.202 [main] BaseClass - Training to close popUp
P&G Terms & Conditions: electronic signature, chat room
[FATAL] 2022-07-30 14:02:50.185 [main] BaseClass - Assertion passes
[TRACE] 2022-07-30 14:02:50.185 [main] BaseClass - Excuted sucessfully
[WARN ] 2022-07-30 14:02:51.099 [main] BaseClass - Driver Closed 
[DEBUG] 2022-07-30 14:02:51.099 [main] BaseClass - Closing the browser
]]></system-out>
    <system-err><![CDATA[Starting Microsoft Edge WebDriver 103.0.1264.71 (1f7a1d165042010b399db54bd56390dd47e15013) on port 13994
To submit feedback, report a bug, or suggest new features, please visit https://github.com/MicrosoftEdge/EdgeWebDriver

Only local connections are allowed.
Please see https://aka.ms/WebDriverSecurity for suggestions on keeping Microsoft Edge WebDriver safe.

Microsoft Edge WebDriver was started successfully.
Jul 30, 2022 2:02:42 PM org.openqa.selenium.remote.ProtocolHandshake createSession
INFO: Detected dialect: W3C
]]></system-err>
  </testcase>
</testsuite>